app/build/intermediates/manifest_merge_blame_file/debug/processDebugMainManifest/manifest-merger-blame-debug-report.txt
1<?xml version="1.0" encoding="utf-8"?>
2<manifest xmlns:android="http://schemas.android.com/apk/res/android"
3    package="com.pixelus.music"
4    android:versionCode="1"
5    android:versionName="1.0" >
6
7    <uses-sdk
8        android:minSdkVersion="26"
9        android:targetSdkVersion="34" />
10
11    <uses-permission
11-->src/main/AndroidManifest.xml:4:5-5:38
12        android:name="android.permission.READ_EXTERNAL_STORAGE"
12-->src/main/AndroidManifest.xml:4:22-77
13        android:maxSdkVersion="32" />
13-->src/main/AndroidManifest.xml:5:9-35
14    <uses-permission android:name="android.permission.READ_MEDIA_AUDIO" />
14-->src/main/AndroidManifest.xml:6:5-75
14-->src/main/AndroidManifest.xml:6:22-72
15    <uses-permission android:name="android.permission.POST_NOTIFICATIONS" />
15-->src/main/AndroidManifest.xml:7:5-77
15-->src/main/AndroidManifest.xml:7:22-74
16    <uses-permission android:name="android.permission.FOREGROUND_SERVICE" />
16-->src/main/AndroidManifest.xml:8:5-77
16-->src/main/AndroidManifest.xml:8:22-74
17    <uses-permission android:name="android.permission.FOREGROUND_SERVICE_MEDIA_PLAYBACK" />
17-->src/main/AndroidManifest.xml:9:5-92
17-->src/main/AndroidManifest.xml:9:22-89
18    <uses-permission android:name="android.permission.ACCESS_NETWORK_STATE" />
18-->[androidx.media3:media3-common:1.2.1] AndroidManifest.xml:22:5-79
18-->[androidx.media3:media3-common:1.2.1] AndroidManifest.xml:22:22-76
19
20    <permission
20-->[androidx.core:core:1.12.0] AndroidManifest.xml:22:5-24:47
21        android:name="com.pixelus.music.DYNAMIC_RECEIVER_NOT_EXPORTED_PERMISSION"
21-->[androidx.core:core:1.12.0] AndroidManifest.xml:23:9-81
22        android:protectionLevel="signature" />
22-->[androidx.core:core:1.12.0] AndroidManifest.xml:24:9-44
23
24    <uses-permission android:name="com.pixelus.music.DYNAMIC_RECEIVER_NOT_EXPORTED_PERMISSION" />
24-->[androidx.core:core:1.12.0] AndroidManifest.xml:26:5-97
24-->[androidx.core:core:1.12.0] AndroidManifest.xml:26:22-94
25
26    <application
26-->src/main/AndroidManifest.xml:11:5-50:19
27        android:name="com.pixelus.music.PixelusApp"
27-->src/main/AndroidManifest.xml:12:9-35
28        android:allowBackup="true"
28-->src/main/AndroidManifest.xml:13:9-35
29        android:appComponentFactory="androidx.core.app.CoreComponentFactory"
29-->[androidx.core:core:1.12.0] AndroidManifest.xml:28:18-86
30        android:debuggable="true"
31        android:extractNativeLibs="false"
32        android:icon="@mipmap/ic_launcher"
32-->src/main/AndroidManifest.xml:14:9-43
33        android:label="@string/app_name"
33-->src/main/AndroidManifest.xml:15:9-41
34        android:roundIcon="@mipmap/ic_launcher_round"
34-->src/main/AndroidManifest.xml:16:9-54
35        android:supportsRtl="true"
35-->src/main/AndroidManifest.xml:17:9-35
36        android:testOnly="true"
37        android:theme="@style/Theme.PixelusMusic" >
37-->src/main/AndroidManifest.xml:18:9-50
38        <activity
38-->src/main/AndroidManifest.xml:20:9-28:20
39            android:name="com.pixelus.music.MainActivity"
39-->src/main/AndroidManifest.xml:21:13-41
40            android:exported="true"
40-->src/main/AndroidManifest.xml:22:13-36
41            android:theme="@style/Theme.PixelusMusic" >
41-->src/main/AndroidManifest.xml:23:13-54
42            <intent-filter>
42-->src/main/AndroidManifest.xml:24:13-27:29
43                <action android:name="android.intent.action.MAIN" />
43-->src/main/AndroidManifest.xml:25:17-69
43-->src/main/AndroidManifest.xml:25:25-66
44
45                <category android:name="android.intent.category.LAUNCHER" />
45-->src/main/AndroidManifest.xml:26:17-77
45-->src/main/AndroidManifest.xml:26:27-74
46            </intent-filter>
47        </activity>
48
49        <service
49-->src/main/AndroidManifest.xml:30:9-37:19
50            android:name="com.pixelus.music.player.MusicService"
50-->src/main/AndroidManifest.xml:31:13-48
51            android:exported="false"
51-->src/main/AndroidManifest.xml:32:13-37
52            android:foregroundServiceType="mediaPlayback" >
52-->src/main/AndroidManifest.xml:33:13-58
53            <intent-filter>
53-->src/main/AndroidManifest.xml:34:13-36:29
54                <action android:name="androidx.media3.session.MediaSessionService" />
54-->src/main/AndroidManifest.xml:35:17-86
54-->src/main/AndroidManifest.xml:35:25-83
55            </intent-filter>
56        </service>
57
58        <receiver
58-->src/main/AndroidManifest.xml:39:9-48:20
59            android:name="com.pixelus.music.widget.MusicWidget"
59-->src/main/AndroidManifest.xml:40:13-47
60            android:exported="true" >
60-->src/main/AndroidManifest.xml:41:13-36
61            <intent-filter>
61-->src/main/AndroidManifest.xml:42:13-44:29
62                <action android:name="android.appwidget.action.APPWIDGET_UPDATE" />
62-->src/main/AndroidManifest.xml:43:17-84
62-->src/main/AndroidManifest.xml:43:25-81
63            </intent-filter>
64
65            <meta-data
65-->src/main/AndroidManifest.xml:45:13-47:61
66                android:name="android.appwidget.provider"
66-->src/main/AndroidManifest.xml:46:17-58
67                android:resource="@xml/music_widget_info" />
67-->src/main/AndroidManifest.xml:47:17-58
68        </receiver>
69
70        <provider
70-->[androidx.emoji2:emoji2:1.3.0] AndroidManifest.xml:24:9-32:20
71            android:name="androidx.startup.InitializationProvider"
71-->[androidx.emoji2:emoji2:1.3.0] AndroidManifest.xml:25:13-67
72            android:authorities="com.pixelus.music.androidx-startup"
72-->[androidx.emoji2:emoji2:1.3.0] AndroidManifest.xml:26:13-68
73            android:exported="false" >
73-->[androidx.emoji2:emoji2:1.3.0] AndroidManifest.xml:27:13-37
74            <meta-data
74-->[androidx.emoji2:emoji2:1.3.0] AndroidManifest.xml:29:13-31:52
75                android:name="androidx.emoji2.text.EmojiCompatInitializer"
75-->[androidx.emoji2:emoji2:1.3.0] AndroidManifest.xml:30:17-75
76                android:value="androidx.startup" />
76-->[androidx.emoji2:emoji2:1.3.0] AndroidManifest.xml:31:17-49
77            <meta-data
77-->[androidx.lifecycle:lifecycle-process:2.7.0] AndroidManifest.xml:29:13-31:52
78                android:name="androidx.lifecycle.ProcessLifecycleInitializer"
78-->[androidx.lifecycle:lifecycle-process:2.7.0] AndroidManifest.xml:30:17-78
79                android:value="androidx.startup" />
79-->[androidx.lifecycle:lifecycle-process:2.7.0] AndroidManifest.xml:31:17-49
80            <meta-data
80-->[androidx.profileinstaller:profileinstaller:1.3.1] AndroidManifest.xml:29:13-31:52
81                android:name="androidx.profileinstaller.ProfileInstallerInitializer"
81-->[androidx.profileinstaller:profileinstaller:1.3.1] AndroidManifest.xml:30:17-85
82                android:value="androidx.startup" />
82-->[androidx.profileinstaller:profileinstaller:1.3.1] AndroidManifest.xml:31:17-49
83        </provider>
84
85        <receiver
85-->[androidx.profileinstaller:profileinstaller:1.3.1] AndroidManifest.xml:34:9-52:20
86            android:name="androidx.profileinstaller.ProfileInstallReceiver"
86-->[androidx.profileinstaller:profileinstaller:1.3.1] AndroidManifest.xml:35:13-76
87            android:directBootAware="false"
87-->[androidx.profileinstaller:profileinstaller:1.3.1] AndroidManifest.xml:36:13-44
88            android:enabled="true"
88-->[androidx.profileinstaller:profileinstaller:1.3.1] AndroidManifest.xml:37:13-35
89            android:exported="true"
89-->[androidx.profileinstaller:profileinstaller:1.3.1] AndroidManifest.xml:38:13-36
90            android:permission="android.permission.DUMP" >
90-->[androidx.profileinstaller:profileinstaller:1.3.1] AndroidManifest.xml:39:13-57
91            <intent-filter>
91-->[androidx.profileinstaller:profileinstaller:1.3.1] AndroidManifest.xml:40:13-42:29
92                <action android:name="androidx.profileinstaller.action.INSTALL_PROFILE" />
92-->[androidx.profileinstaller:profileinstaller:1.3.1] AndroidManifest.xml:41:17-91
92-->[androidx.profileinstaller:profileinstaller:1.3.1] AndroidManifest.xml:41:25-88
93            </intent-filter>
94            <intent-filter>
94-->[androidx.profileinstaller:profileinstaller:1.3.1] AndroidManifest.xml:43:13-45:29
95                <action android:name="androidx.profileinstaller.action.SKIP_FILE" />
95-->[androidx.profileinstaller:profileinstaller:1.3.1] AndroidManifest.xml:44:17-85
95-->[androidx.profileinstaller:profileinstaller:1.3.1] AndroidManifest.xml:44:25-82
96            </intent-filter>
97            <intent-filter>
97-->[androidx.profileinstaller:profileinstaller:1.3.1] AndroidManifest.xml:46:13-48:29
98                <action android:name="androidx.profileinstaller.action.SAVE_PROFILE" />
98-->[androidx.profileinstaller:profileinstaller:1.3.1] AndroidManifest.xml:47:17-88
98-->[androidx.profileinstaller:profileinstaller:1.3.1] AndroidManifest.xml:47:25-85
99            </intent-filter>
100            <intent-filter>
100-->[androidx.profileinstaller:profileinstaller:1.3.1] AndroidManifest.xml:49:13-51:29
101                <action android:name="androidx.profileinstaller.action.BENCHMARK_OPERATION" />
101-->[androidx.profileinstaller:profileinstaller:1.3.1] AndroidManifest.xml:50:17-95
101-->[androidx.profileinstaller:profileinstaller:1.3.1] AndroidManifest.xml:50:25-92
102            </intent-filter>
103        </receiver>
104    </application>
105
106</manifest>